[2024-04-12 16:04:01,099] [INFO] main.py:AutoDownloadMovie:36 - 开始搜索<<误杀>>电影信息
[2024-04-12 16:04:01,341] [INFO] searchMovie.py:SessionInit:44 - 电影解析器初始化成功...
[2024-04-12 16:19:53,815] [INFO] main.py:GetM3u8FromMovieName:56 - 开始搜索<<怦然心动>>电影信息
[2024-04-12 16:19:54,060] [INFO] searchMovie.py:SessionInit:44 - 电影解析器初始化成功...
[2024-04-12 16:19:58,536] [INFO] main.py:GetM3u8FromMovieName:60 - 电影搜索成功，信息数据如下：
[2024-04-12 16:19:58,536] [INFO] main.py:GetM3u8FromMovieName:74 - 开始解析<<怦然心动>> /movie/201-165189.html的m3u8地址
[2024-04-12 16:20:00,386] [INFO] main.py:GetM3u8FromMovieName:78 - 解析电影<<怦然心动>>的m3u8地址成功：https://cdn18.vipyz-cdn1.com/20230820/9455_f891d7fd/2000k/hls/index.m3u8
[2024-04-12 16:20:00,386] [INFO] main.py:DownloadMovieFromM3u8:89 - 开始下载m3U8文件:https://cdn18.vipyz-cdn1.com/20230820/9455_f891d7fd/2000k/hls/index.m3u8
[2024-04-12 16:20:01,340] [INFO] main.py:DownloadMovieFromM3u8:94 - m3u8 文件下载成功!
[2024-04-12 16:20:01,340] [INFO] main.py:DownloadMovieFromM3u8:96 - 解析m3u8的base_url
[2024-04-12 16:20:01,355] [INFO] main.py:DownloadMovieFromM3u8:98 - 解析m3u8的base_urlhttps://cdn18.vipyz-cdn1.com/20230820/9455_f891d7fd/2000k/hls/
[2024-04-12 16:20:01,355] [INFO] main.py:DownloadMovieFromM3u8:100 - m3u8文件解析ts url
[2024-04-12 16:20:01,355] [INFO] main.py:DownloadMovieFromM3u8:102 - 解析m3u8中含有645个ts
[2024-04-12 16:20:01,355] [INFO] download.py:ThreadDownload:102 - 初始化多线程下载...
[2024-04-12 16:20:01,368] [INFO] download.py:ThreadDownload:108 - 启动16个线程开始下载...
[2024-04-12 16:26:37,955] [INFO] download.py:ThreadDownload:115 - 多线程下载完成
[2024-04-12 16:26:37,960] [INFO] main.py:DownloadMovieFromM3u8:111 - 检测是否有失败列表
[2024-04-12 16:26:37,960] [INFO] main.py:DownloadMovieFromM3u8:114 - 全部下载完成,不存在失败列表
[2024-04-12 16:26:37,960] [INFO] main.py:DownloadMovieFromM3u8:131 - ts文件准备完成!
[2024-04-12 16:26:37,960] [INFO] main.py:DownloadMovieFromM3u8:133 - 启动ffmpeg 合并ts文件
[2024-04-12 17:25:14,288] [INFO] logger.py:<module>:67 - tttt
[2024-04-12 17:27:32,525] [INFO] logger.py:<module>:68 - tttt
[2024-04-12 17:28:15,489] [INFO] logger.py:<module>:69 - tttt
[2024-04-12 17:32:15,581] [INFO] logger.py:<module>:67 - tttt
[2024-04-12 17:38:42,387] [INFO] logger.py:<module>:66 - tttt
[2024-04-12 17:44:38,127] [INFO] mergMp4.py:merge_ts_namelist_to_mp4:29 - 开始生成ffmpeg读取文件列表
[2024-04-12 17:44:38,127] [INFO] mergMp4.py:merge_ts_namelist_to_mp4:34 - 生成../download/怦然心动\nameList.txt文件列表成功
